<?xml version="1.0" encoding="UTF-8"?>
<testng-results ignored="0" total="1" passed="1" failed="0" skipped="0">
  <reporter-output>
  </reporter-output>
  <suite started-at="2024-06-10T15:10:38 EDT" name="Surefire suite" finished-at="2024-06-10T15:10:50 EDT" duration-ms="11783">
    <groups>
      <group name="cucumber">
        <method signature="AbstractTestNGCucumberTests.runScenario(io.cucumber.testng.PickleWrapper,io.cucumber.testng.FeatureWrapper)[pri:0, instance:runner.TestRunner@14f9390f]" name="runScenario" class="io.cucumber.testng.AbstractTestNGCucumberTests"/>
      </group> <!-- cucumber -->
    </groups>
    <test started-at="2024-06-10T15:10:38 EDT" name="Surefire test" finished-at="2024-06-10T15:10:50 EDT" duration-ms="11783">
      <class name="runner.TestRunner">
        <test-method is-config="true" signature="setUpClass(org.testng.ITestContext)[pri:0, instance:runner.TestRunner@14f9390f]" started-at="2024-06-10T15:10:38 EDT" name="setUpClass" finished-at="2024-06-10T15:10:39 EDT" duration-ms="1188" status="PASS">
          <params>
            <param index="0">
              <value>
                <![CDATA[org.testng.TestRunner@273fa9e]]>
              </value>
            </param>
          </params>
          <reporter-output>
          </reporter-output>
        </test-method> <!-- setUpClass -->
        <test-method signature="runScenario(io.cucumber.testng.PickleWrapper,io.cucumber.testng.FeatureWrapper)[pri:0, instance:runner.TestRunner@14f9390f]" started-at="2024-06-10T15:10:39 EDT" name="runScenario" description="Runs Cucumber Scenarios" data-provider="scenarios" finished-at="2024-06-10T15:10:46 EDT" duration-ms="6504" status="PASS">
          <params>
            <param index="0">
              <value>
                <![CDATA["Verify admin is able to land on HomePage"]]>
              </value>
            </param>
            <param index="1">
              <value>
                <![CDATA["Introduction Page"]]>
              </value>
            </param>
          </params>
          <reporter-output>
          </reporter-output>
        </test-method> <!-- runScenario -->
        <test-method is-config="true" signature="tearDownClass()[pri:0, instance:runner.TestRunner@14f9390f]" started-at="2024-06-10T15:10:46 EDT" name="tearDownClass" finished-at="2024-06-10T15:10:50 EDT" duration-ms="4012" status="PASS">
          <reporter-output>
          </reporter-output>
        </test-method> <!-- tearDownClass -->
      </class> <!-- runner.TestRunner -->
    </test> <!-- Surefire test -->
  </suite> <!-- Surefire suite -->
</testng-results>
