<?xml version="1.0" encoding="UTF-8"?>
<testng-results ignored="0" total="1" passed="1" failed="0" skipped="0">
  <reporter-output>
  </reporter-output>
  <suite started-at="2024-06-10T09:56:55 EDT" name="Default suite" finished-at="2024-06-10T09:57:03 EDT" duration-ms="7225">
    <groups>
      <group name="cucumber">
        <method signature="AbstractTestNGCucumberTests.runScenario(io.cucumber.testng.PickleWrapper,io.cucumber.testng.FeatureWrapper)[pri:0, instance:runner.TestRunner@1b955cac]" name="runScenario" class="io.cucumber.testng.AbstractTestNGCucumberTests"/>
      </group> <!-- cucumber -->
    </groups>
    <test started-at="2024-06-10T09:56:55 EDT" name="Default test" finished-at="2024-06-10T09:57:03 EDT" duration-ms="7225">
      <class name="runner.TestRunner">
        <test-method is-config="true" signature="setUpClass(org.testng.ITestContext)[pri:0, instance:runner.TestRunner@1b955cac]" started-at="2024-06-10T09:56:55 EDT" name="setUpClass" finished-at="2024-06-10T09:56:56 EDT" duration-ms="518" status="PASS">
          <params>
            <param index="0">
              <value>
                <![CDATA[org.testng.TestRunner@687389a6]]>
              </value>
            </param>
          </params>
          <reporter-output>
          </reporter-output>
        </test-method> <!-- setUpClass -->
        <test-method signature="runScenario(io.cucumber.testng.PickleWrapper,io.cucumber.testng.FeatureWrapper)[pri:0, instance:runner.TestRunner@1b955cac]" started-at="2024-06-10T09:56:56 EDT" name="runScenario" description="Runs Cucumber Scenarios" data-provider="scenarios" finished-at="2024-06-10T09:57:00 EDT" duration-ms="4243" status="PASS">
          <params>
            <param index="0">
              <value>
                <![CDATA["Verify admin is able to land on HomePage"]]>
              </value>
            </param>
            <param index="1">
              <value>
                <![CDATA["Introduction Page"]]>
              </value>
            </param>
          </params>
          <reporter-output>
          </reporter-output>
        </test-method> <!-- runScenario -->
        <test-method is-config="true" signature="tearDownClass()[pri:0, instance:runner.TestRunner@1b955cac]" started-at="2024-06-10T09:57:00 EDT" name="tearDownClass" finished-at="2024-06-10T09:57:03 EDT" duration-ms="2422" status="PASS">
          <reporter-output>
          </reporter-output>
        </test-method> <!-- tearDownClass -->
      </class> <!-- runner.TestRunner -->
    </test> <!-- Default test -->
  </suite> <!-- Default suite -->
</testng-results>
